#
# A fatal error has been detected by the Java Runtime Environment:
#
#  SIGSEGV (0xb) at pc=0x00007fe00fd2e7c6, pid=7461, tid=7462
#
# JRE version: OpenJDK Runtime Environment (11.0.11+4) (build 11.0.11-ea+4-Ubuntu-0ubuntu3.16.04.1)
# Java VM: OpenJDK 64-Bit Server VM (11.0.11-ea+4-Ubuntu-0ubuntu3.16.04.1, mixed mode, sharing, tiered, compressed oops, g1 gc, linux-amd64)
# Problematic frame:
# C  [libc.so.6+0x8b7c6]  strlen+0x26
#
# Core dump will be written. Default location: Core dumps may be processed with "/usr/share/apport/apport %p %s %c %d %P %E" (or dumping to /home/hyk/AndroidStudioProjects/AndroidNdkStudy/JNI/core.7461)
#
# If you would like to submit a bug report, please visit:
#   Unknown
#

---------------  S U M M A R Y ------------

Command Line: -Dfile.encoding=UTF-8 DynamicRegiester

Host: Intel(R) Core(TM) i5-6500 CPU @ 3.20GHz, 4 cores, 15G, Ubuntu 16.04.6 LTS
Time: Tue Aug 10 20:43:13 2021 CST elapsed time: 0.135744 seconds (0d 0h 0m 0s)

---------------  T H R E A D  ---------------

Current thread (0x00007fe008027800):  JavaThread "main" [_thread_in_vm, id=7462, stack(0x00007fe01037b000,0x00007fe01047c000)]

Stack: [0x00007fe01037b000,0x00007fe01047c000],  sp=0x00007fe01047a308,  free space=1020k
Native frames: (J=compiled Java code, A=aot compiled Java code, j=interpreted, Vv=VM code, C=native code)
C  [libc.so.6+0x8b7c6]  strlen+0x26
C  [libdrLib.so+0x96c]  JNI_OnLoad+0x9a
C  [libjava.so+0xe3f2]  Java_java_lang_ClassLoader_00024NativeLibrary_load0+0xb2
j  java.lang.ClassLoader$NativeLibrary.load0(Ljava/lang/String;Z)Z+0 java.base@11.0.11-ea
j  java.lang.ClassLoader$NativeLibrary.load()Z+53 java.base@11.0.11-ea
j  java.lang.ClassLoader$NativeLibrary.loadLibrary(Ljava/lang/Class;Ljava/lang/String;Z)Z+216 java.base@11.0.11-ea
j  java.lang.ClassLoader.loadLibrary0(Ljava/lang/Class;Ljava/io/File;)Z+46 java.base@11.0.11-ea
j  java.lang.ClassLoader.loadLibrary(Ljava/lang/Class;Ljava/lang/String;Z)V+70 java.base@11.0.11-ea
j  java.lang.Runtime.load0(Ljava/lang/Class;Ljava/lang/String;)V+57 java.base@11.0.11-ea
j  java.lang.System.load(Ljava/lang/String;)V+7 java.base@11.0.11-ea
j  DynamicRegiester.<clinit>()V+2
v  ~StubRoutines::call_stub
V  [libjvm.so+0x82f141]
V  [libjvm.so+0x80cc8d]
V  [libjvm.so+0x80d063]
V  [libjvm.so+0x8a3201]
V  [libjvm.so+0x8a34e1]
C  [libjli.so+0x4510]
C  [libjli.so+0x869d]

Java frames: (J=compiled Java code, j=interpreted, Vv=VM code)
j  java.lang.ClassLoader$NativeLibrary.load0(Ljava/lang/String;Z)Z+0 java.base@11.0.11-ea
j  java.lang.ClassLoader$NativeLibrary.load()Z+53 java.base@11.0.11-ea
j  java.lang.ClassLoader$NativeLibrary.loadLibrary(Ljava/lang/Class;Ljava/lang/String;Z)Z+216 java.base@11.0.11-ea
j  java.lang.ClassLoader.loadLibrary0(Ljava/lang/Class;Ljava/io/File;)Z+46 java.base@11.0.11-ea
j  java.lang.ClassLoader.loadLibrary(Ljava/lang/Class;Ljava/lang/String;Z)V+70 java.base@11.0.11-ea
j  java.lang.Runtime.load0(Ljava/lang/Class;Ljava/lang/String;)V+57 java.base@11.0.11-ea
j  java.lang.System.load(Ljava/lang/String;)V+7 java.base@11.0.11-ea
j  DynamicRegiester.<clinit>()V+2
v  ~StubRoutines::call_stub

siginfo: si_signo: 11 (SIGSEGV), si_code: 1 (SEGV_MAPERR), si_addr: 0x0000000000000001

Register to memory mapping:

RAX=0x0000000000000001 is an unknown value
RBX=0x0000000000000001 is an unknown value
RCX=0x0000000000000001 is an unknown value
RDX=0x0000000000000001 is an unknown value
RSP=0x00007fe01047a308 is pointing into the stack for thread: 0x00007fe008027800
RBP=0x00007fe01047a470 is pointing into the stack for thread: 0x00007fe008027800
RSI=0x00007fdfc36f7884: returnNativeHandleMsg+0x0000000000000000 in /home/hyk/AndroidStudioProjects/AndroidNdkStudy/JNI/register/dynamicReg/build/libdrLib.so at 0x00007fdfc36f7000
RDI=0x0000000000000001 is an unknown value
R8 =0x0 is NULL
R9 =0x0000000000000004 is an unknown value
R10=0x0000000000000019 is an unknown value
R11=0x0000000000000004 is an unknown value
R12=0x00000000000000be is an unknown value
R13=0x00007fdfc38f7df0: <offset 0x0000000000200df0> in /home/hyk/AndroidStudioProjects/AndroidNdkStudy/JNI/register/dynamicReg/build/libdrLib.so at 0x00007fdfc36f7000
R14=0x0000000840060040 is a pointer to class: 
DynamicRegiester {0x0000000840060040}
R15=0x00000008004b9b40 is pointing into metadata


Registers:
RAX=0x0000000000000001, RBX=0x0000000000000001, RCX=0x0000000000000001, RDX=0x0000000000000001
RSP=0x00007fe01047a308, RBP=0x00007fe01047a470, RSI=0x00007fdfc36f7884, RDI=0x0000000000000001
R8 =0x0000000000000000, R9 =0x0000000000000004, R10=0x0000000000000019, R11=0x0000000000000004
R12=0x00000000000000be, R13=0x00007fdfc38f7df0, R14=0x0000000840060040, R15=0x00000008004b9b40
RIP=0x00007fe00fd2e7c6, EFLAGS=0x0000000000010293, CSGSFS=0x002b000000000033, ERR=0x0000000000000004
  TRAPNO=0x000000000000000e

Top of Stack: (sp=0x00007fe01047a308)
0x00007fe01047a308:   00007fe00eaa9100 00007fe01047a390
0x00007fe01047a318:   00007fe00ef82c76 00007fe01047a384
0x00007fe01047a328:   00007fe01047a30c 00007fdfc38f7e08
0x00007fe01047a338:   00007fe008027800 00007fe01047a430 

Instructions: (pc=0x00007fe00fd2e7c6)
0x00007fe00fd2e6c6:   e5 4c 89 e2 4c 89 fe 49 0f 46 d5 48 89 ef 48 89
0x00007fe00fd2e6d6:   c3 e8 54 3d 00 00 4d 39 e5 73 14 49 83 c5 01 48
0x00007fe00fd2e6e6:   8d 78 01 c6 00 2d 4d 39 e5 0f 82 89 00 00 00 4d
0x00007fe00fd2e6f6:   85 e4 74 06 42 c6 44 25 ff 00 48 83 c4 28 48 89
0x00007fe00fd2e706:   e8 5b 5d 41 5c 41 5d 41 5e 41 5f c3 66 0f 1f 44
0x00007fe00fd2e716:   00 00 48 8d 35 96 29 10 00 48 8d 3d 9a 15 10 00
0x00007fe00fd2e726:   ba 05 00 00 00 49 89 e6 e8 fd 2e fa ff 48 89 c7
0x00007fe00fd2e736:   49 89 c7 e8 62 00 00 00 48 8d 74 24 14 49 89 c5
0x00007fe00fd2e746:   31 c9 48 89 df ba 0a 00 00 00 c6 44 24 14 00 e8
0x00007fe00fd2e756:   66 ef fb ff 4d 39 e5 4c 89 e2 48 89 ef 49 0f 46
0x00007fe00fd2e766:   d5 4c 89 fe 48 89 c3 e8 be 3c 00 00 4d 39 e5 48
0x00007fe00fd2e776:   89 c7 0f 83 77 ff ff ff 49 8d 56 15 4c 89 e1 48
0x00007fe00fd2e786:   89 de 4c 29 e9 48 29 da 48 39 d1 48 0f 46 d1 e8
0x00007fe00fd2e796:   56 8d 00 00 e9 56 ff ff ff 90 66 0f ef c0 66 0f
0x00007fe00fd2e7a6:   ef c9 66 0f ef d2 66 0f ef db 48 89 f8 48 89 f9
0x00007fe00fd2e7b6:   48 81 e1 ff 0f 00 00 48 81 f9 cf 0f 00 00 77 6a
0x00007fe00fd2e7c6:   f3 0f 6f 20 66 0f 74 e0 66 0f d7 d4 85 d2 74 04
0x00007fe00fd2e7d6:   0f bc c2 c3 48 83 e0 f0 66 0f 74 48 10 66 0f 74
0x00007fe00fd2e7e6:   50 20 66 0f 74 58 30 66 0f d7 d1 66 44 0f d7 c2
0x00007fe00fd2e7f6:   66 0f d7 cb 48 c1 e2 10 48 c1 e1 10 4c 09 c1 48
0x00007fe00fd2e806:   c1 e1 20 48 09 ca 48 89 f9 48 31 c1 48 83 e0 c0
0x00007fe00fd2e816:   48 d3 fa 48 85 d2 0f 84 7e 00 00 00 48 0f bc c2
0x00007fe00fd2e826:   c3 66 0f 1f 84 00 00 00 00 00 48 83 e0 c0 66 0f
0x00007fe00fd2e836:   74 00 66 0f 74 48 10 66 0f 74 50 20 66 0f 74 58
0x00007fe00fd2e846:   30 66 0f d7 f0 66 0f d7 d1 66 44 0f d7 c2 66 0f
0x00007fe00fd2e856:   d7 cb 48 c1 e2 10 48 c1 e1 10 48 09 f2 4c 09 c1
0x00007fe00fd2e866:   48 c1 e1 20 48 09 ca 48 89 f9 48 31 c1 48 83 e0
0x00007fe00fd2e876:   c0 48 d3 fa 48 85 d2 74 11 48 0f bc c2 c3 66 90
0x00007fe00fd2e886:   66 2e 0f 1f 84 00 00 00 00 00 66 0f ef c9 66 0f
0x00007fe00fd2e896:   ef d2 66 0f ef db 0f 1f 40 00 66 0f 6f 40 40 66
0x00007fe00fd2e8a6:   0f da 40 50 66 0f da 40 60 66 0f da 40 70 66 0f
0x00007fe00fd2e8b6:   74 c3 66 0f d7 d0 85 d2 75 30 48 83 e8 80 66 0f 


Stack slot to memory mapping:
stack at sp + 0 slots: 0x00007fe00eaa9100: <offset 0x00000000008ad100> in /usr/lib/jvm/java-11-openjdk-amd64/lib/server/libjvm.so at 0x00007fe00e1fc000
stack at sp + 1 slots: 0x00007fe01047a390 is pointing into the stack for thread: 0x00007fe008027800
stack at sp + 2 slots: 0x00007fe00ef82c76: <offset 0x0000000000d86c76> in /usr/lib/jvm/java-11-openjdk-amd64/lib/server/libjvm.so at 0x00007fe00e1fc000
stack at sp + 3 slots: 0x00007fe01047a384 is pointing into the stack for thread: 0x00007fe008027800
stack at sp + 4 slots: 0x00007fe01047a30c is pointing into the stack for thread: 0x00007fe008027800
stack at sp + 5 slots: 0x00007fdfc38f7e08: <offset 0x0000000000200e08> in /home/hyk/AndroidStudioProjects/AndroidNdkStudy/JNI/register/dynamicReg/build/libdrLib.so at 0x00007fdfc36f7000
stack at sp + 6 slots: 0x00007fe008027800 is a thread
stack at sp + 7 slots: 0x00007fe01047a430 is pointing into the stack for thread: 0x00007fe008027800


---------------  P R O C E S S  ---------------

Threads class SMR info:
_java_thread_list=0x00007fe00821adc0, length=9, elements={
0x00007fe008027800, 0x00007fe0081cf000, 0x00007fe0081d1000, 0x00007fe0081d6800,
0x00007fe0081d8800, 0x00007fe0081da800, 0x00007fe0081dd000, 0x00007fe0081df000,
0x00007fe008219800
}

Java Threads: ( => current thread )
=>0x00007fe008027800 JavaThread "main" [_thread_in_vm, id=7462, stack(0x00007fe01037b000,0x00007fe01047c000)]
  0x00007fe0081cf000 JavaThread "Reference Handler" daemon [_thread_blocked, id=7469, stack(0x00007fdfe0646000,0x00007fdfe0747000)]
  0x00007fe0081d1000 JavaThread "Finalizer" daemon [_thread_blocked, id=7470, stack(0x00007fdfe0545000,0x00007fdfe0646000)]
  0x00007fe0081d6800 JavaThread "Signal Dispatcher" daemon [_thread_blocked, id=7471, stack(0x00007fdfc3eff000,0x00007fdfc4000000)]
  0x00007fe0081d8800 JavaThread "Service Thread" daemon [_thread_blocked, id=7472, stack(0x00007fdfc3dfe000,0x00007fdfc3eff000)]
  0x00007fe0081da800 JavaThread "C2 CompilerThread0" daemon [_thread_blocked, id=7473, stack(0x00007fdfc3cfd000,0x00007fdfc3dfe000)]
  0x00007fe0081dd000 JavaThread "C1 CompilerThread0" daemon [_thread_blocked, id=7474, stack(0x00007fdfc3bfc000,0x00007fdfc3cfd000)]
  0x00007fe0081df000 JavaThread "Sweeper thread" daemon [_thread_blocked, id=7475, stack(0x00007fdfc3afb000,0x00007fdfc3bfc000)]
  0x00007fe008219800 JavaThread "Common-Cleaner" daemon [_thread_blocked, id=7477, stack(0x00007fdfc38f9000,0x00007fdfc39fa000)]

Other Threads:
  0x00007fe0081cc000 VMThread "VM Thread" [stack: 0x00007fdfe0748000,0x00007fdfe0848000] [id=7468]
  0x00007fe008217000 WatcherThread [stack: 0x00007fdfc39fb000,0x00007fdfc3afb000] [id=7476]
  0x00007fe008040000 GCTaskThread "GC Thread#0" [stack: 0x00007fe00c975000,0x00007fe00ca75000] [id=7463]
  0x00007fe00809e000 ConcurrentGCThread "G1 Main Marker" [stack: 0x00007fe00c470000,0x00007fe00c570000] [id=7464]
  0x00007fe0080a0000 ConcurrentGCThread "G1 Conc#0" [stack: 0x00007fe00c36f000,0x00007fe00c46f000] [id=7465]
  0x00007fe00818f000 ConcurrentGCThread "G1 Refine#0" [stack: 0x00007fdfe11cb000,0x00007fdfe12cb000] [id=7466]
  0x00007fe008191000 ConcurrentGCThread "G1 Young RemSet Sampling" [stack: 0x00007fdfe10ca000,0x00007fdfe11ca000] [id=7467]

Threads with active compile tasks:

VM state:not at safepoint (normal execution)

VM Mutex/Monitor currently owned by a thread: None

Heap address: 0x0000000706c00000, size: 3988 MB, Compressed Oops mode: Zero based, Oop shift amount: 3
Narrow klass base: 0x0000000800000000, Narrow klass shift: 3
Compressed class space size: 1073741824 Address: 0x0000000840000000

Heap:
 garbage-first heap   total 258048K, used 712K [0x0000000706c00000, 0x0000000800000000)
  region size 1024K, 1 young (1024K), 0 survivors (0K)
 Metaspace       used 154K, capacity 4486K, committed 4864K, reserved 1056768K
  class space    used 5K, capacity 386K, committed 512K, reserved 1048576K
Heap Regions: E=young(eden), S=young(survivor), O=old, HS=humongous(starts), HC=humongous(continues), CS=collection set, F=free, A=archive, TAMS=top-at-mark-start (previous, next)
|   0|0x0000000706c00000, 0x0000000706c00000, 0x0000000706d00000|  0%| F|  |TAMS 0x0000000706c00000, 0x0000000706c00000| Untracked 
|   1|0x0000000706d00000, 0x0000000706d00000, 0x0000000706e00000|  0%| F|  |TAMS 0x0000000706d00000, 0x0000000706d00000| Untracked 
|   2|0x0000000706e00000, 0x0000000706e00000, 0x0000000706f00000|  0%| F|  |TAMS 0x0000000706e00000, 0x0000000706e00000| Untracked 
|   3|0x0000000706f00000, 0x0000000706f00000, 0x0000000707000000|  0%| F|  |TAMS 0x0000000706f00000, 0x0000000706f00000| Untracked 
|   4|0x0000000707000000, 0x0000000707000000, 0x0000000707100000|  0%| F|  |TAMS 0x0000000707000000, 0x0000000707000000| Untracked 
|   5|0x0000000707100000, 0x0000000707100000, 0x0000000707200000|  0%| F|  |TAMS 0x0000000707100000, 0x0000000707100000| Untracked 
|   6|0x0000000707200000, 0x0000000707200000, 0x0000000707300000|  0%| F|  |TAMS 0x0000000707200000, 0x0000000707200000| Untracked 
|   7|0x0000000707300000, 0x0000000707300000, 0x0000000707400000|  0%| F|  |TAMS 0x0000000707300000, 0x0000000707300000| Untracked 
|   8|0x0000000707400000, 0x0000000707400000, 0x0000000707500000|  0%| F|  |TAMS 0x0000000707400000, 0x0000000707400000| Untracked 
|   9|0x0000000707500000, 0x0000000707500000, 0x0000000707600000|  0%| F|  |TAMS 0x0000000707500000, 0x0000000707500000| Untracked 
|  10|0x0000000707600000, 0x0000000707600000, 0x0000000707700000|  0%| F|  |TAMS 0x0000000707600000, 0x0000000707600000| Untracked 
|  11|0x0000000707700000, 0x0000000707700000, 0x0000000707800000|  0%| F|  |TAMS 0x0000000707700000, 0x0000000707700000| Untracked 
|  12|0x0000000707800000, 0x0000000707800000, 0x0000000707900000|  0%| F|  |TAMS 0x0000000707800000, 0x0000000707800000| Untracked 
|  13|0x0000000707900000, 0x0000000707900000, 0x0000000707a00000|  0%| F|  |TAMS 0x0000000707900000, 0x0000000707900000| Untracked 
|  14|0x0000000707a00000, 0x0000000707a00000, 0x0000000707b00000|  0%| F|  |TAMS 0x0000000707a00000, 0x0000000707a00000| Untracked 
|  15|0x0000000707b00000, 0x0000000707b00000, 0x0000000707c00000|  0%| F|  |TAMS 0x0000000707b00000, 0x0000000707b00000| Untracked 
|  16|0x0000000707c00000, 0x0000000707c00000, 0x0000000707d00000|  0%| F|  |TAMS 0x0000000707c00000, 0x0000000707c00000| Untracked 
|  17|0x0000000707d00000, 0x0000000707d00000, 0x0000000707e00000|  0%| F|  |TAMS 0x0000000707d00000, 0x0000000707d00000| Untracked 
|  18|0x0000000707e00000, 0x0000000707e00000, 0x0000000707f00000|  0%| F|  |TAMS 0x0000000707e00000, 0x0000000707e00000| Untracked 
|  19|0x0000000707f00000, 0x0000000707f00000, 0x0000000708000000|  0%| F|  |TAMS 0x0000000707f00000, 0x0000000707f00000| Untracked 
|  20|0x0000000708000000, 0x0000000708000000, 0x0000000708100000|  0%| F|  |TAMS 0x0000000708000000, 0x0000000708000000| Untracked 
|  21|0x0000000708100000, 0x0000000708100000, 0x0000000708200000|  0%| F|  |TAMS 0x0000000708100000, 0x0000000708100000| Untracked 
|  22|0x0000000708200000, 0x0000000708200000, 0x0000000708300000|  0%| F|  |TAMS 0x0000000708200000, 0x0000000708200000| Untracked 
|  23|0x0000000708300000, 0x0000000708300000, 0x0000000708400000|  0%| F|  |TAMS 0x0000000708300000, 0x0000000708300000| Untracked 
|  24|0x0000000708400000, 0x0000000708400000, 0x0000000708500000|  0%| F|  |TAMS 0x0000000708400000, 0x0000000708400000| Untracked 
|  25|0x0000000708500000, 0x0000000708500000, 0x0000000708600000|  0%| F|  |TAMS 0x0000000708500000, 0x0000000708500000| Untracked 
|  26|0x0000000708600000, 0x0000000708600000, 0x0000000708700000|  0%| F|  |TAMS 0x0000000708600000, 0x0000000708600000| Untracked 
|  27|0x0000000708700000, 0x0000000708700000, 0x0000000708800000|  0%| F|  |TAMS 0x0000000708700000, 0x0000000708700000| Untracked 
|  28|0x0000000708800000, 0x0000000708800000, 0x0000000708900000|  0%| F|  |TAMS 0x0000000708800000, 0x0000000708800000| Untracked 
|  29|0x0000000708900000, 0x0000000708900000, 0x0000000708a00000|  0%| F|  |TAMS 0x0000000708900000, 0x0000000708900000| Untracked 
|  30|0x0000000708a00000, 0x0000000708a00000, 0x0000000708b00000|  0%| F|  |TAMS 0x0000000708a00000, 0x0000000708a00000| Untracked 
|  31|0x0000000708b00000, 0x0000000708b00000, 0x0000000708c00000|  0%| F|  |TAMS 0x0000000708b00000, 0x0000000708b00000| Untracked 
|  32|0x0000000708c00000, 0x0000000708c00000, 0x0000000708d00000|  0%| F|  |TAMS 0x0000000708c00000, 0x0000000708c00000| Untracked 
|  33|0x0000000708d00000, 0x0000000708d00000, 0x0000000708e00000|  0%| F|  |TAMS 0x0000000708d00000, 0x0000000708d00000| Untracked 
|  34|0x0000000708e00000, 0x0000000708e00000, 0x0000000708f00000|  0%| F|  |TAMS 0x0000000708e00000, 0x0000000708e00000| Untracked 
|  35|0x0000000708f00000, 0x0000000708f00000, 0x0000000709000000|  0%| F|  |TAMS 0x0000000708f00000, 0x0000000708f00000| Untracked 
|  36|0x0000000709000000, 0x0000000709000000, 0x0000000709100000|  0%| F|  |TAMS 0x0000000709000000, 0x0000000709000000| Untracked 
|  37|0x0000000709100000, 0x0000000709100000, 0x0000000709200000|  0%| F|  |TAMS 0x0000000709100000, 0x0000000709100000| Untracked 
|  38|0x0000000709200000, 0x0000000709200000, 0x0000000709300000|  0%| F|  |TAMS 0x0000000709200000, 0x0000000709200000| Untracked 
|  39|0x0000000709300000, 0x0000000709300000, 0x0000000709400000|  0%| F|  |TAMS 0x0000000709300000, 0x0000000709300000| Untracked 
|  40|0x0000000709400000, 0x0000000709400000, 0x0000000709500000|  0%| F|  |TAMS 0x0000000709400000, 0x0000000709400000| Untracked 
|  41|0x0000000709500000, 0x0000000709500000, 0x0000000709600000|  0%| F|  |TAMS 0x0000000709500000, 0x0000000709500000| Untracked 
|  42|0x0000000709600000, 0x0000000709600000, 0x0000000709700000|  0%| F|  |TAMS 0x0000000709600000, 0x0000000709600000| Untracked 
|  43|0x0000000709700000, 0x0000000709700000, 0x0000000709800000|  0%| F|  |TAMS 0x0000000709700000, 0x0000000709700000| Untracked 
|  44|0x0000000709800000, 0x0000000709800000, 0x0000000709900000|  0%| F|  |TAMS 0x0000000709800000, 0x0000000709800000| Untracked 
|  45|0x0000000709900000, 0x0000000709900000, 0x0000000709a00000|  0%| F|  |TAMS 0x0000000709900000, 0x0000000709900000| Untracked 
|  46|0x0000000709a00000, 0x0000000709a00000, 0x0000000709b00000|  0%| F|  |TAMS 0x0000000709a00000, 0x0000000709a00000| Untracked 
|  47|0x0000000709b00000, 0x0000000709b00000, 0x0000000709c00000|  0%| F|  |TAMS 0x0000000709b00000, 0x0000000709b00000| Untracked 
|  48|0x0000000709c00000, 0x0000000709c00000, 0x0000000709d00000|  0%| F|  |TAMS 0x0000000709c00000, 0x0000000709c00000| Untracked 
|  49|0x0000000709d00000, 0x0000000709d00000, 0x0000000709e00000|  0%| F|  |TAMS 0x0000000709d00000, 0x0000000709d00000| Untracked 
|  50|0x0000000709e00000, 0x0000000709e00000, 0x0000000709f00000|  0%| F|  |TAMS 0x0000000709e00000, 0x0000000709e00000| Untracked 
|  51|0x0000000709f00000, 0x0000000709f00000, 0x000000070a000000|  0%| F|  |TAMS 0x0000000709f00000, 0x0000000709f00000| Untracked 
|  52|0x000000070a000000, 0x000000070a000000, 0x000000070a100000|  0%| F|  |TAMS 0x000000070a000000, 0x000000070a000000| Untracked 
|  53|0x000000070a100000, 0x000000070a100000, 0x000000070a200000|  0%| F|  |TAMS 0x000000070a100000, 0x000000070a100000| Untracked 
|  54|0x000000070a200000, 0x000000070a200000, 0x000000070a300000|  0%| F|  |TAMS 0x000000070a200000, 0x000000070a200000| Untracked 
|  55|0x000000070a300000, 0x000000070a300000, 0x000000070a400000|  0%| F|  |TAMS 0x000000070a300000, 0x000000070a300000| Untracked 
|  56|0x000000070a400000, 0x000000070a400000, 0x000000070a500000|  0%| F|  |TAMS 0x000000070a400000, 0x000000070a400000| Untracked 
|  57|0x000000070a500000, 0x000000070a500000, 0x000000070a600000|  0%| F|  |TAMS 0x000000070a500000, 0x000000070a500000| Untracked 
|  58|0x000000070a600000, 0x000000070a600000, 0x000000070a700000|  0%| F|  |TAMS 0x000000070a600000, 0x000000070a600000| Untracked 
|  59|0x000000070a700000, 0x000000070a700000, 0x000000070a800000|  0%| F|  |TAMS 0x000000070a700000, 0x000000070a700000| Untracked 
|  60|0x000000070a800000, 0x000000070a800000, 0x000000070a900000|  0%| F|  |TAMS 0x000000070a800000, 0x000000070a800000| Untracked 
|  61|0x000000070a900000, 0x000000070a900000, 0x000000070aa00000|  0%| F|  |TAMS 0x000000070a900000, 0x000000070a900000| Untracked 
|  62|0x000000070aa00000, 0x000000070aa00000, 0x000000070ab00000|  0%| F|  |TAMS 0x000000070aa00000, 0x000000070aa00000| Untracked 
|  63|0x000000070ab00000, 0x000000070ab00000, 0x000000070ac00000|  0%| F|  |TAMS 0x000000070ab00000, 0x000000070ab00000| Untracked 
|  64|0x000000070ac00000, 0x000000070ac00000, 0x000000070ad00000|  0%| F|  |TAMS 0x000000070ac00000, 0x000000070ac00000| Untracked 
|  65|0x000000070ad00000, 0x000000070ad00000, 0x000000070ae00000|  0%| F|  |TAMS 0x000000070ad00000, 0x000000070ad00000| Untracked 
|  66|0x000000070ae00000, 0x000000070ae00000, 0x000000070af00000|  0%| F|  |TAMS 0x000000070ae00000, 0x000000070ae00000| Untracked 
|  67|0x000000070af00000, 0x000000070af00000, 0x000000070b000000|  0%| F|  |TAMS 0x000000070af00000, 0x000000070af00000| Untracked 
|  68|0x000000070b000000, 0x000000070b000000, 0x000000070b100000|  0%| F|  |TAMS 0x000000070b000000, 0x000000070b000000| Untracked 
|  69|0x000000070b100000, 0x000000070b100000, 0x000000070b200000|  0%| F|  |TAMS 0x000000070b100000, 0x000000070b100000| Untracked 
|  70|0x000000070b200000, 0x000000070b200000, 0x000000070b300000|  0%| F|  |TAMS 0x000000070b200000, 0x000000070b200000| Untracked 
|  71|0x000000070b300000, 0x000000070b300000, 0x000000070b400000|  0%| F|  |TAMS 0x000000070b300000, 0x000000070b300000| Untracked 
|  72|0x000000070b400000, 0x000000070b400000, 0x000000070b500000|  0%| F|  |TAMS 0x000000070b400000, 0x000000070b400000| Untracked 
|  73|0x000000070b500000, 0x000000070b500000, 0x000000070b600000|  0%| F|  |TAMS 0x000000070b500000, 0x000000070b500000| Untracked 
|  74|0x000000070b600000, 0x000000070b600000, 0x000000070b700000|  0%| F|  |TAMS 0x000000070b600000, 0x000000070b600000| Untracked 
|  75|0x000000070b700000, 0x000000070b700000, 0x000000070b800000|  0%| F|  |TAMS 0x000000070b700000, 0x000000070b700000| Untracked 
|  76|0x000000070b800000, 0x000000070b800000, 0x000000070b900000|  0%| F|  |TAMS 0x000000070b800000, 0x000000070b800000| Untracked 
|  77|0x000000070b900000, 0x000000070b900000, 0x000000070ba00000|  0%| F|  |TAMS 0x000000070b900000, 0x000000070b900000| Untracked 
|  78|0x000000070ba00000, 0x000000070ba00000, 0x000000070bb00000|  0%| F|  |TAMS 0x000000070ba00000, 0x000000070ba00000| Untracked 
|  79|0x000000070bb00000, 0x000000070bb00000, 0x000000070bc00000|  0%| F|  |TAMS 0x000000070bb00000, 0x000000070bb00000| Untracked 
|  80|0x000000070bc00000, 0x000000070bc00000, 0x000000070bd00000|  0%| F|  |TAMS 0x000000070bc00000, 0x000000070bc00000| Untracked 
|  81|0x000000070bd00000, 0x000000070bd00000, 0x000000070be00000|  0%| F|  |TAMS 0x000000070bd00000, 0x000000070bd00000| Untracked 
|  82|0x000000070be00000, 0x000000070be00000, 0x000000070bf00000|  0%| F|  |TAMS 0x000000070be00000, 0x000000070be00000| Untracked 
|  83|0x000000070bf00000, 0x000000070bf00000, 0x000000070c000000|  0%| F|  |TAMS 0x000000070bf00000, 0x000000070bf00000| Untracked 
|  84|0x000000070c000000, 0x000000070c000000, 0x000000070c100000|  0%| F|  |TAMS 0x000000070c000000, 0x000000070c000000| Untracked 
|  85|0x000000070c100000, 0x000000070c100000, 0x000000070c200000|  0%| F|  |TAMS 0x000000070c100000, 0x000000070c100000| Untracked 
|  86|0x000000070c200000, 0x000000070c200000, 0x000000070c300000|  0%| F|  |TAMS 0x000000070c200000, 0x000000070c200000| Untracked 
|  87|0x000000070c300000, 0x000000070c300000, 0x000000070c400000|  0%| F|  |TAMS 0x000000070c300000, 0x000000070c300000| Untracked 
|  88|0x000000070c400000, 0x000000070c400000, 0x000000070c500000|  0%| F|  |TAMS 0x000000070c400000, 0x000000070c400000| Untracked 
|  89|0x000000070c500000, 0x000000070c500000, 0x000000070c600000|  0%| F|  |TAMS 0x000000070c500000, 0x000000070c500000| Untracked 
|  90|0x000000070c600000, 0x000000070c600000, 0x000000070c700000|  0%| F|  |TAMS 0x000000070c600000, 0x000000070c600000| Untracked 
|  91|0x000000070c700000, 0x000000070c700000, 0x000000070c800000|  0%| F|  |TAMS 0x000000070c700000, 0x000000070c700000| Untracked 
|  92|0x000000070c800000, 0x000000070c800000, 0x000000070c900000|  0%| F|  |TAMS 0x000000070c800000, 0x000000070c800000| Untracked 
|  93|0x000000070c900000, 0x000000070c900000, 0x000000070ca00000|  0%| F|  |TAMS 0x000000070c900000, 0x000000070c900000| Untracked 
|  94|0x000000070ca00000, 0x000000070ca00000, 0x000000070cb00000|  0%| F|  |TAMS 0x000000070ca00000, 0x000000070ca00000| Untracked 
|  95|0x000000070cb00000, 0x000000070cb00000, 0x000000070cc00000|  0%| F|  |TAMS 0x000000070cb00000, 0x000000070cb00000| Untracked 
|  96|0x000000070cc00000, 0x000000070cc00000, 0x000000070cd00000|  0%| F|  |TAMS 0x000000070cc00000, 0x000000070cc00000| Untracked 
|  97|0x000000070cd00000, 0x000000070cd00000, 0x000000070ce00000|  0%| F|  |TAMS 0x000000070cd00000, 0x000000070cd00000| Untracked 
|  98|0x000000070ce00000, 0x000000070ce00000, 0x000000070cf00000|  0%| F|  |TAMS 0x000000070ce00000, 0x000000070ce00000| Untracked 
|  99|0x000000070cf00000, 0x000000070cf00000, 0x000000070d000000|  0%| F|  |TAMS 0x000000070cf00000, 0x000000070cf00000| Untracked 
| 100|0x000000070d000000, 0x000000070d000000, 0x000000070d100000|  0%| F|  |TAMS 0x000000070d000000, 0x000000070d000000| Untracked 
| 101|0x000000070d100000, 0x000000070d100000, 0x000000070d200000|  0%| F|  |TAMS 0x000000070d100000, 0x000000070d100000| Untracked 
| 102|0x000000070d200000, 0x000000070d200000, 0x000000070d300000|  0%| F|  |TAMS 0x000000070d200000, 0x000000070d200000| Untracked 
| 103|0x000000070d300000, 0x000000070d300000, 0x000000070d400000|  0%| F|  |TAMS 0x000000070d300000, 0x000000070d300000| Untracked 
| 104|0x000000070d400000, 0x000000070d400000, 0x000000070d500000|  0%| F|  |TAMS 0x000000070d400000, 0x000000070d400000| Untracked 
| 105|0x000000070d500000, 0x000000070d500000, 0x000000070d600000|  0%| F|  |TAMS 0x000000070d500000, 0x000000070d500000| Untracked 
| 106|0x000000070d600000, 0x000000070d600000, 0x000000070d700000|  0%| F|  |TAMS 0x000000070d600000, 0x000000070d600000| Untracked 
| 107|0x000000070d700000, 0x000000070d700000, 0x000000070d800000|  0%| F|  |TAMS 0x000000070d700000, 0x000000070d700000| Untracked 
| 108|0x000000070d800000, 0x000000070d800000, 0x000000070d900000|  0%| F|  |TAMS 0x000000070d800000, 0x000000070d800000| Untracked 
| 109|0x000000070d900000, 0x000000070d900000, 0x000000070da00000|  0%| F|  |TAMS 0x000000070d900000, 0x000000070d900000| Untracked 
| 110|0x000000070da00000, 0x000000070da00000, 0x000000070db00000|  0%| F|  |TAMS 0x000000070da00000, 0x000000070da00000| Untracked 
| 111|0x000000070db00000, 0x000000070db00000, 0x000000070dc00000|  0%| F|  |TAMS 0x000000070db00000, 0x000000070db00000| Untracked 
| 112|0x000000070dc00000, 0x000000070dc00000, 0x000000070dd00000|  0%| F|  |TAMS 0x000000070dc00000, 0x000000070dc00000| Untracked 
| 113|0x000000070dd00000, 0x000000070dd00000, 0x000000070de00000|  0%| F|  |TAMS 0x000000070dd00000, 0x000000070dd00000| Untracked 
| 114|0x000000070de00000, 0x000000070de00000, 0x000000070df00000|  0%| F|  |TAMS 0x000000070de00000, 0x000000070de00000| Untracked 
| 115|0x000000070df00000, 0x000000070df00000, 0x000000070e000000|  0%| F|  |TAMS 0x000000070df00000, 0x000000070df00000| Untracked 
| 116|0x000000070e000000, 0x000000070e000000, 0x000000070e100000|  0%| F|  |TAMS 0x000000070e000000, 0x000000070e000000| Untracked 
| 117|0x000000070e100000, 0x000000070e100000, 0x000000070e200000|  0%| F|  |TAMS 0x000000070e100000, 0x000000070e100000| Untracked 
| 118|0x000000070e200000, 0x000000070e200000, 0x000000070e300000|  0%| F|  |TAMS 0x000000070e200000, 0x000000070e200000| Untracked 
| 119|0x000000070e300000, 0x000000070e300000, 0x000000070e400000|  0%| F|  |TAMS 0x000000070e300000, 0x000000070e300000| Untracked 
| 120|0x000000070e400000, 0x000000070e400000, 0x000000070e500000|  0%| F|  |TAMS 0x000000070e400000, 0x000000070e400000| Untracked 
| 121|0x000000070e500000, 0x000000070e500000, 0x000000070e600000|  0%| F|  |TAMS 0x000000070e500000, 0x000000070e500000| Untracked 
| 122|0x000000070e600000, 0x000000070e600000, 0x000000070e700000|  0%| F|  |TAMS 0x000000070e600000, 0x000000070e600000| Untracked 
| 123|0x000000070e700000, 0x000000070e700000, 0x000000070e800000|  0%| F|  |TAMS 0x000000070e700000, 0x000000070e700000| Untracked 
| 124|0x000000070e800000, 0x000000070e800000, 0x000000070e900000|  0%| F|  |TAMS 0x000000070e800000, 0x000000070e800000| Untracked 
| 125|0x000000070e900000, 0x000000070e900000, 0x000000070ea00000|  0%| F|  |TAMS 0x000000070e900000, 0x000000070e900000| Untracked 
| 126|0x000000070ea00000, 0x000000070ea00000, 0x000000070eb00000|  0%| F|  |TAMS 0x000000070ea00000, 0x000000070ea00000| Untracked 
| 127|0x000000070eb00000, 0x000000070eb00000, 0x000000070ec00000|  0%| F|  |TAMS 0x000000070eb00000, 0x000000070eb00000| Untracked 
| 128|0x000000070ec00000, 0x000000070ec00000, 0x000000070ed00000|  0%| F|  |TAMS 0x000000070ec00000, 0x000000070ec00000| Untracked 
| 129|0x000000070ed00000, 0x000000070ed00000, 0x000000070ee00000|  0%| F|  |TAMS 0x000000070ed00000, 0x000000070ed00000| Untracked 
| 130|0x000000070ee00000, 0x000000070ee00000, 0x000000070ef00000|  0%| F|  |TAMS 0x000000070ee00000, 0x000000070ee00000| Untracked 
| 131|0x000000070ef00000, 0x000000070ef00000, 0x000000070f000000|  0%| F|  |TAMS 0x000000070ef00000, 0x000000070ef00000| Untracked 
| 132|0x000000070f000000, 0x000000070f000000, 0x000000070f100000|  0%| F|  |TAMS 0x000000070f000000, 0x000000070f000000| Untracked 
| 133|0x000000070f100000, 0x000000070f100000, 0x000000070f200000|  0%| F|  |TAMS 0x000000070f100000, 0x000000070f100000| Untracked 
| 134|0x000000070f200000, 0x000000070f200000, 0x000000070f300000|  0%| F|  |TAMS 0x000000070f200000, 0x000000070f200000| Untracked 
| 135|0x000000070f300000, 0x000000070f300000, 0x000000070f400000|  0%| F|  |TAMS 0x000000070f300000, 0x000000070f300000| Untracked 
| 136|0x000000070f400000, 0x000000070f400000, 0x000000070f500000|  0%| F|  |TAMS 0x000000070f400000, 0x000000070f400000| Untracked 
| 137|0x000000070f500000, 0x000000070f500000, 0x000000070f600000|  0%| F|  |TAMS 0x000000070f500000, 0x000000070f500000| Untracked 
| 138|0x000000070f600000, 0x000000070f600000, 0x000000070f700000|  0%| F|  |TAMS 0x000000070f600000, 0x000000070f600000| Untracked 
| 139|0x000000070f700000, 0x000000070f700000, 0x000000070f800000|  0%| F|  |TAMS 0x000000070f700000, 0x000000070f700000| Untracked 
| 140|0x000000070f800000, 0x000000070f800000, 0x000000070f900000|  0%| F|  |TAMS 0x000000070f800000, 0x000000070f800000| Untracked 
| 141|0x000000070f900000, 0x000000070f900000, 0x000000070fa00000|  0%| F|  |TAMS 0x000000070f900000, 0x000000070f900000| Untracked 
| 142|0x000000070fa00000, 0x000000070fa00000, 0x000000070fb00000|  0%| F|  |TAMS 0x000000070fa00000, 0x000000070fa00000| Untracked 
| 143|0x000000070fb00000, 0x000000070fb00000, 0x000000070fc00000|  0%| F|  |TAMS 0x000000070fb00000, 0x000000070fb00000| Untracked 
| 144|0x000000070fc00000, 0x000000070fc00000, 0x000000070fd00000|  0%| F|  |TAMS 0x000000070fc00000, 0x000000070fc00000| Untracked 
| 145|0x000000070fd00000, 0x000000070fd00000, 0x000000070fe00000|  0%| F|  |TAMS 0x000000070fd00000, 0x000000070fd00000| Untracked 
| 146|0x000000070fe00000, 0x000000070fe00000, 0x000000070ff00000|  0%| F|  |TAMS 0x000000070fe00000, 0x000000070fe00000| Untracked 
| 147|0x000000070ff00000, 0x000000070ff00000, 0x0000000710000000|  0%| F|  |TAMS 0x000000070ff00000, 0x000000070ff00000| Untracked 
| 148|0x0000000710000000, 0x0000000710000000, 0x0000000710100000|  0%| F|  |TAMS 0x0000000710000000, 0x0000000710000000| Untracked 
| 149|0x0000000710100000, 0x0000000710100000, 0x0000000710200000|  0%| F|  |TAMS 0x0000000710100000, 0x0000000710100000| Untracked 
| 150|0x0000000710200000, 0x0000000710200000, 0x0000000710300000|  0%| F|  |TAMS 0x0000000710200000, 0x0000000710200000| Untracked 
| 151|0x0000000710300000, 0x0000000710300000, 0x0000000710400000|  0%| F|  |TAMS 0x0000000710300000, 0x0000000710300000| Untracked 
| 152|0x0000000710400000, 0x0000000710400000, 0x0000000710500000|  0%| F|  |TAMS 0x0000000710400000, 0x0000000710400000| Untracked 
| 153|0x0000000710500000, 0x0000000710500000, 0x0000000710600000|  0%| F|  |TAMS 0x0000000710500000, 0x0000000710500000| Untracked 
| 154|0x0000000710600000, 0x0000000710600000, 0x0000000710700000|  0%| F|  |TAMS 0x0000000710600000, 0x0000000710600000| Untracked 
| 155|0x0000000710700000, 0x0000000710700000, 0x0000000710800000|  0%| F|  |TAMS 0x0000000710700000, 0x0000000710700000| Untracked 
| 156|0x0000000710800000, 0x0000000710800000, 0x0000000710900000|  0%| F|  |TAMS 0x0000000710800000, 0x0000000710800000| Untracked 
| 157|0x0000000710900000, 0x0000000710900000, 0x0000000710a00000|  0%| F|  |TAMS 0x0000000710900000, 0x0000000710900000| Untracked 
| 158|0x0000000710a00000, 0x0000000710a00000, 0x0000000710b00000|  0%| F|  |TAMS 0x0000000710a00000, 0x0000000710a00000| Untracked 
| 159|0x0000000710b00000, 0x0000000710b00000, 0x0000000710c00000|  0%| F|  |TAMS 0x0000000710b00000, 0x0000000710b00000| Untracked 
| 160|0x0000000710c00000, 0x0000000710c00000, 0x0000000710d00000|  0%| F|  |TAMS 0x0000000710c00000, 0x0000000710c00000| Untracked 
| 161|0x0000000710d00000, 0x0000000710d00000, 0x0000000710e00000|  0%| F|  |TAMS 0x0000000710d00000, 0x0000000710d00000| Untracked 
| 162|0x0000000710e00000, 0x0000000710e00000, 0x0000000710f00000|  0%| F|  |TAMS 0x0000000710e00000, 0x0000000710e00000| Untracked 
| 163|0x0000000710f00000, 0x0000000710f00000, 0x0000000711000000|  0%| F|  |TAMS 0x0000000710f00000, 0x0000000710f00000| Untracked 
| 164|0x0000000711000000, 0x0000000711000000, 0x0000000711100000|  0%| F|  |TAMS 0x0000000711000000, 0x0000000711000000| Untracked 
| 165|0x0000000711100000, 0x0000000711100000, 0x0000000711200000|  0%| F|  |TAMS 0x0000000711100000, 0x0000000711100000| Untracked 
| 166|0x0000000711200000, 0x0000000711200000, 0x0000000711300000|  0%| F|  |TAMS 0x0000000711200000, 0x0000000711200000| Untracked 
| 167|0x0000000711300000, 0x0000000711300000, 0x0000000711400000|  0%| F|  |TAMS 0x0000000711300000, 0x0000000711300000| Untracked 
| 168|0x0000000711400000, 0x0000000711400000, 0x0000000711500000|  0%| F|  |TAMS 0x0000000711400000, 0x0000000711400000| Untracked 
| 169|0x0000000711500000, 0x0000000711500000, 0x0000000711600000|  0%| F|  |TAMS 0x0000000711500000, 0x0000000711500000| Untracked 
| 170|0x0000000711600000, 0x0000000711600000, 0x0000000711700000|  0%| F|  |TAMS 0x0000000711600000, 0x0000000711600000| Untracked 
| 171|0x0000000711700000, 0x0000000711700000, 0x0000000711800000|  0%| F|  |TAMS 0x0000000711700000, 0x0000000711700000| Untracked 
| 172|0x0000000711800000, 0x0000000711800000, 0x0000000711900000|  0%| F|  |TAMS 0x0000000711800000, 0x0000000711800000| Untracked 
| 173|0x0000000711900000, 0x0000000711900000, 0x0000000711a00000|  0%| F|  |TAMS 0x0000000711900000, 0x0000000711900000| Untracked 
| 174|0x0000000711a00000, 0x0000000711a00000, 0x0000000711b00000|  0%| F|  |TAMS 0x0000000711a00000, 0x0000000711a00000| Untracked 
| 175|0x0000000711b00000, 0x0000000711b00000, 0x0000000711c00000|  0%| F|  |TAMS 0x0000000711b00000, 0x0000000711b00000| Untracked 
| 176|0x0000000711c00000, 0x0000000711c00000, 0x0000000711d00000|  0%| F|  |TAMS 0x0000000711c00000, 0x0000000711c00000| Untracked 
| 177|0x0000000711d00000, 0x0000000711d00000, 0x0000000711e00000|  0%| F|  |TAMS 0x0000000711d00000, 0x0000000711d00000| Untracked 
| 178|0x0000000711e00000, 0x0000000711e00000, 0x0000000711f00000|  0%| F|  |TAMS 0x0000000711e00000, 0x0000000711e00000| Untracked 
| 179|0x0000000711f00000, 0x0000000711f00000, 0x0000000712000000|  0%| F|  |TAMS 0x0000000711f00000, 0x0000000711f00000| Untracked 
| 180|0x0000000712000000, 0x0000000712000000, 0x0000000712100000|  0%| F|  |TAMS 0x0000000712000000, 0x0000000712000000| Untracked 
| 181|0x0000000712100000, 0x0000000712100000, 0x0000000712200000|  0%| F|  |TAMS 0x0000000712100000, 0x0000000712100000| Untracked 
| 182|0x0000000712200000, 0x0000000712200000, 0x0000000712300000|  0%| F|  |TAMS 0x0000000712200000, 0x0000000712200000| Untracked 
| 183|0x0000000712300000, 0x0000000712300000, 0x0000000712400000|  0%| F|  |TAMS 0x0000000712300000, 0x0000000712300000| Untracked 
| 184|0x0000000712400000, 0x0000000712400000, 0x0000000712500000|  0%| F|  |TAMS 0x0000000712400000, 0x0000000712400000| Untracked 
| 185|0x0000000712500000, 0x0000000712500000, 0x0000000712600000|  0%| F|  |TAMS 0x0000000712500000, 0x0000000712500000| Untracked 
| 186|0x0000000712600000, 0x0000000712600000, 0x0000000712700000|  0%| F|  |TAMS 0x0000000712600000, 0x0000000712600000| Untracked 
| 187|0x0000000712700000, 0x0000000712700000, 0x0000000712800000|  0%| F|  |TAMS 0x0000000712700000, 0x0000000712700000| Untracked 
| 188|0x0000000712800000, 0x0000000712800000, 0x0000000712900000|  0%| F|  |TAMS 0x0000000712800000, 0x0000000712800000| Untracked 
| 189|0x0000000712900000, 0x0000000712900000, 0x0000000712a00000|  0%| F|  |TAMS 0x0000000712900000, 0x0000000712900000| Untracked 
| 190|0x0000000712a00000, 0x0000000712a00000, 0x0000000712b00000|  0%| F|  |TAMS 0x0000000712a00000, 0x0000000712a00000| Untracked 
| 191|0x0000000712b00000, 0x0000000712b00000, 0x0000000712c00000|  0%| F|  |TAMS 0x0000000712b00000, 0x0000000712b00000| Untracked 
| 192|0x0000000712c00000, 0x0000000712c00000, 0x0000000712d00000|  0%| F|  |TAMS 0x0000000712c00000, 0x0000000712c00000| Untracked 
| 193|0x0000000712d00000, 0x0000000712d00000, 0x0000000712e00000|  0%| F|  |TAMS 0x0000000712d00000, 0x0000000712d00000| Untracked 
| 194|0x0000000712e00000, 0x0000000712e00000, 0x0000000712f00000|  0%| F|  |TAMS 0x0000000712e00000, 0x0000000712e00000| Untracked 
| 195|0x0000000712f00000, 0x0000000712f00000, 0x0000000713000000|  0%| F|  |TAMS 0x0000000712f00000, 0x0000000712f00000| Untracked 
| 196|0x0000000713000000, 0x0000000713000000, 0x0000000713100000|  0%| F|  |TAMS 0x0000000713000000, 0x0000000713000000| Untracked 
| 197|0x0000000713100000, 0x0000000713100000, 0x0000000713200000|  0%| F|  |TAMS 0x0000000713100000, 0x0000000713100000| Untracked 
| 198|0x0000000713200000, 0x0000000713200000, 0x0000000713300000|  0%| F|  |TAMS 0x0000000713200000, 0x0000000713200000| Untracked 
| 199|0x0000000713300000, 0x0000000713300000, 0x0000000713400000|  0%| F|  |TAMS 0x0000000713300000, 0x0000000713300000| Untracked 
| 200|0x0000000713400000, 0x0000000713400000, 0x0000000713500000|  0%| F|  |TAMS 0x0000000713400000, 0x0000000713400000| Untracked 
| 201|0x0000000713500000, 0x0000000713500000, 0x0000000713600000|  0%| F|  |TAMS 0x0000000713500000, 0x0000000713500000| Untracked 
| 202|0x0000000713600000, 0x0000000713600000, 0x0000000713700000|  0%| F|  |TAMS 0x0000000713600000, 0x0000000713600000| Untracked 
| 203|0x0000000713700000, 0x0000000713700000, 0x0000000713800000|  0%| F|  |TAMS 0x0000000713700000, 0x0000000713700000| Untracked 
| 204|0x0000000713800000, 0x0000000713800000, 0x0000000713900000|  0%| F|  |TAMS 0x0000000713800000, 0x0000000713800000| Untracked 
| 205|0x0000000713900000, 0x0000000713900000, 0x0000000713a00000|  0%| F|  |TAMS 0x0000000713900000, 0x0000000713900000| Untracked 
| 206|0x0000000713a00000, 0x0000000713a00000, 0x0000000713b00000|  0%| F|  |TAMS 0x0000000713a00000, 0x0000000713a00000| Untracked 
| 207|0x0000000713b00000, 0x0000000713b00000, 0x0000000713c00000|  0%| F|  |TAMS 0x0000000713b00000, 0x0000000713b00000| Untracked 
| 208|0x0000000713c00000, 0x0000000713c00000, 0x0000000713d00000|  0%| F|  |TAMS 0x0000000713c00000, 0x0000000713c00000| Untracked 
| 209|0x0000000713d00000, 0x0000000713d00000, 0x0000000713e00000|  0%| F|  |TAMS 0x0000000713d00000, 0x0000000713d00000| Untracked 
| 210|0x0000000713e00000, 0x0000000713e00000, 0x0000000713f00000|  0%| F|  |TAMS 0x0000000713e00000, 0x0000000713e00000| Untracked 
| 211|0x0000000713f00000, 0x0000000713f00000, 0x0000000714000000|  0%| F|  |TAMS 0x0000000713f00000, 0x0000000713f00000| Untracked 
| 212|0x0000000714000000, 0x0000000714000000, 0x0000000714100000|  0%| F|  |TAMS 0x0000000714000000, 0x0000000714000000| Untracked 
| 213|0x0000000714100000, 0x0000000714100000, 0x0000000714200000|  0%| F|  |TAMS 0x0000000714100000, 0x0000000714100000| Untracked 
| 214|0x0000000714200000, 0x0000000714200000, 0x0000000714300000|  0%| F|  |TAMS 0x0000000714200000, 0x0000000714200000| Untracked 
| 215|0x0000000714300000, 0x0000000714300000, 0x0000000714400000|  0%| F|  |TAMS 0x0000000714300000, 0x0000000714300000| Untracked 
| 216|0x0000000714400000, 0x0000000714400000, 0x0000000714500000|  0%| F|  |TAMS 0x0000000714400000, 0x0000000714400000| Untracked 
| 217|0x0000000714500000, 0x0000000714500000, 0x0000000714600000|  0%| F|  |TAMS 0x0000000714500000, 0x0000000714500000| Untracked 
| 218|0x0000000714600000, 0x0000000714600000, 0x0000000714700000|  0%| F|  |TAMS 0x0000000714600000, 0x0000000714600000| Untracked 
| 219|0x0000000714700000, 0x0000000714700000, 0x0000000714800000|  0%| F|  |TAMS 0x0000000714700000, 0x0000000714700000| Untracked 
| 220|0x0000000714800000, 0x0000000714800000, 0x0000000714900000|  0%| F|  |TAMS 0x0000000714800000, 0x0000000714800000| Untracked 
| 221|0x0000000714900000, 0x0000000714900000, 0x0000000714a00000|  0%| F|  |TAMS 0x0000000714900000, 0x0000000714900000| Untracked 
| 222|0x0000000714a00000, 0x0000000714a00000, 0x0000000714b00000|  0%| F|  |TAMS 0x0000000714a00000, 0x0000000714a00000| Untracked 
| 223|0x0000000714b00000, 0x0000000714b00000, 0x0000000714c00000|  0%| F|  |TAMS 0x0000000714b00000, 0x0000000714b00000| Untracked 
| 224|0x0000000714c00000, 0x0000000714c00000, 0x0000000714d00000|  0%| F|  |TAMS 0x0000000714c00000, 0x0000000714c00000| Untracked 
| 225|0x0000000714d00000, 0x0000000714d00000, 0x0000000714e00000|  0%| F|  |TAMS 0x0000000714d00000, 0x0000000714d00000| Untracked 
| 226|0x0000000714e00000, 0x0000000714e00000, 0x0000000714f00000|  0%| F|  |TAMS 0x0000000714e00000, 0x0000000714e00000| Untracked 
| 227|0x0000000714f00000, 0x0000000714f00000, 0x0000000715000000|  0%| F|  |TAMS 0x0000000714f00000, 0x0000000714f00000| Untracked 
| 228|0x0000000715000000, 0x0000000715000000, 0x0000000715100000|  0%| F|  |TAMS 0x0000000715000000, 0x0000000715000000| Untracked 
| 229|0x0000000715100000, 0x0000000715100000, 0x0000000715200000|  0%| F|  |TAMS 0x0000000715100000, 0x0000000715100000| Untracked 
| 230|0x0000000715200000, 0x0000000715200000, 0x0000000715300000|  0%| F|  |TAMS 0x0000000715200000, 0x0000000715200000| Untracked 
| 231|0x0000000715300000, 0x0000000715300000, 0x0000000715400000|  0%| F|  |TAMS 0x0000000715300000, 0x0000000715300000| Untracked 
| 232|0x0000000715400000, 0x0000000715400000, 0x0000000715500000|  0%| F|  |TAMS 0x0000000715400000, 0x0000000715400000| Untracked 
| 233|0x0000000715500000, 0x0000000715500000, 0x0000000715600000|  0%| F|  |TAMS 0x0000000715500000, 0x0000000715500000| Untracked 
| 234|0x0000000715600000, 0x0000000715600000, 0x0000000715700000|  0%| F|  |TAMS 0x0000000715600000, 0x0000000715600000| Untracked 
| 235|0x0000000715700000, 0x0000000715700000, 0x0000000715800000|  0%| F|  |TAMS 0x0000000715700000, 0x0000000715700000| Untracked 
| 236|0x0000000715800000, 0x0000000715800000, 0x0000000715900000|  0%| F|  |TAMS 0x0000000715800000, 0x0000000715800000| Untracked 
| 237|0x0000000715900000, 0x0000000715900000, 0x0000000715a00000|  0%| F|  |TAMS 0x0000000715900000, 0x0000000715900000| Untracked 
| 238|0x0000000715a00000, 0x0000000715a00000, 0x0000000715b00000|  0%| F|  |TAMS 0x0000000715a00000, 0x0000000715a00000| Untracked 
| 239|0x0000000715b00000, 0x0000000715b00000, 0x0000000715c00000|  0%| F|  |TAMS 0x0000000715b00000, 0x0000000715b00000| Untracked 
| 240|0x0000000715c00000, 0x0000000715c00000, 0x0000000715d00000|  0%| F|  |TAMS 0x0000000715c00000, 0x0000000715c00000| Untracked 
| 241|0x0000000715d00000, 0x0000000715d00000, 0x0000000715e00000|  0%| F|  |TAMS 0x0000000715d00000, 0x0000000715d00000| Untracked 
| 242|0x0000000715e00000, 0x0000000715e00000, 0x0000000715f00000|  0%| F|  |TAMS 0x0000000715e00000, 0x0000000715e00000| Untracked 
| 243|0x0000000715f00000, 0x0000000715f00000, 0x0000000716000000|  0%| F|  |TAMS 0x0000000715f00000, 0x0000000715f00000| Untracked 
| 244|0x0000000716000000, 0x0000000716000000, 0x0000000716100000|  0%| F|  |TAMS 0x0000000716000000, 0x0000000716000000| Untracked 
| 245|0x0000000716100000, 0x0000000716100000, 0x0000000716200000|  0%| F|  |TAMS 0x0000000716100000, 0x0000000716100000| Untracked 
| 246|0x0000000716200000, 0x0000000716200000, 0x0000000716300000|  0%| F|  |TAMS 0x0000000716200000, 0x0000000716200000| Untracked 
| 247|0x0000000716300000, 0x0000000716300000, 0x0000000716400000|  0%| F|  |TAMS 0x0000000716300000, 0x0000000716300000| Untracked 
| 248|0x0000000716400000, 0x0000000716400000, 0x0000000716500000|  0%| F|  |TAMS 0x0000000716400000, 0x0000000716400000| Untracked 
| 249|0x0000000716500000, 0x00000007165d7138, 0x0000000716600000| 84%| E|  |TAMS 0x0000000716500000, 0x0000000716500000| Complete 
|2962|0x00000007bfe00000, 0x00000007bfe47000, 0x00000007bff00000| 27%|OA|  |TAMS 0x00000007bfe00000, 0x00000007bfe00000| Untracked 
|2963|0x00000007bff00000, 0x00000007bff6b000, 0x00000007c0000000| 41%|CA|  |TAMS 0x00000007bff00000, 0x00000007bff00000| Untracked 

Card table byte_map: [0x00007fdfeb836000,0x00007fdfec000000] _byte_map_base: 0x00007fdfe8000000

Marking Bits (Prev, Next): (CMBitMap*) 0x00007fe00808d7c8, (CMBitMap*) 0x00007fe00808d800
 Prev Bits: [0x00007fdfe721c000, 0x00007fdfeb06c000)
 Next Bits: [0x00007fdfe33cc000, 0x00007fdfe721c000)

Polling page: 0x00007fe01049f000

Metaspace:

Usage:
  Non-class:      4.00 MB capacity,   148.93 KB (  4%) used,     3.86 MB ( 96%) free+waste,   128 bytes ( <1%) overhead. 
      Class:    386.00 KB capacity,     5.20 KB (  1%) used,   380.68 KB ( 99%) free+waste,   128 bytes ( <1%) overhead. 
       Both:      4.38 MB capacity,   154.12 KB (  3%) used,     4.23 MB ( 97%) free+waste,   256 bytes ( <1%) overhead. 

Virtual space:
  Non-class space:        8.00 MB reserved,       4.25 MB ( 53%) committed 
      Class space:        1.00 GB reserved,     512.00 KB ( <1%) committed 
             Both:        1.01 GB reserved,       4.75 MB ( <1%) committed 

Chunk freelists:
   Non-Class:  0 bytes
       Class:  0 bytes
        Both:  0 bytes

MaxMetaspaceSize: unlimited
CompressedClassSpaceSize: 1.00 GB

CodeHeap 'non-profiled nmethods': size=120032Kb used=12Kb max_used=12Kb free=120019Kb
 bounds [0x00007fdff8347000, 0x00007fdff85b7000, 0x00007fdfff87f000]
CodeHeap 'profiled nmethods': size=120032Kb used=66Kb max_used=66Kb free=119965Kb
 bounds [0x00007fdff0e0f000, 0x00007fdff107f000, 0x00007fdff8347000]
CodeHeap 'non-nmethods': size=5696Kb used=987Kb max_used=995Kb free=4709Kb
 bounds [0x00007fdff087f000, 0x00007fdff0aef000, 0x00007fdff0e0f000]
 total_blobs=293 nmethods=51 adapters=155
 compilation: enabled
              stopped_count=0, restarted_count=0
 full_count=0

Compilation events (20 events):
Event: 0.091 Thread 0x00007fe0081dd000   39       3       jdk.internal.module.ModuleBootstrap$2::next (52 bytes)
Event: 0.091 Thread 0x00007fe0081dd000 nmethod 39 0x00007fdff0e1c010 code [0x00007fdff0e1c220, 0x00007fdff0e1c7a0]
Event: 0.091 Thread 0x00007fe0081dd000   40       3       jdk.internal.module.ModuleBootstrap$2::hasNext (30 bytes)
Event: 0.092 Thread 0x00007fe0081dd000 nmethod 40 0x00007fdff0e1c910 code [0x00007fdff0e1cae0, 0x00007fdff0e1ce30]
Event: 0.092 Thread 0x00007fe0081dd000   46       3       java.util.HashMap::putIfAbsent (13 bytes)
Event: 0.092 Thread 0x00007fe0081dd000 nmethod 46 0x00007fdff0e1cf10 code [0x00007fdff0e1d0e0, 0x00007fdff0e1d3f0]
Event: 0.092 Thread 0x00007fe0081dd000   42       3       java.lang.String::equals (65 bytes)
Event: 0.093 Thread 0x00007fe0081dd000 nmethod 42 0x00007fdff0e1d510 code [0x00007fdff0e1d720, 0x00007fdff0e1ddb0]
Event: 0.093 Thread 0x00007fe0081dd000   38       3       java.util.ImmutableCollections$Set12$1::next (92 bytes)
Event: 0.093 Thread 0x00007fe0081dd000 nmethod 38 0x00007fdff0e1df10 code [0x00007fdff0e1e0e0, 0x00007fdff0e1e3c0]
Event: 0.093 Thread 0x00007fe0081dd000   43       1       java.lang.Module::getDescriptor (5 bytes)
Event: 0.093 Thread 0x00007fe0081dd000 nmethod 43 0x00007fdff8349f10 code [0x00007fdff834a0c0, 0x00007fdff834a190]
Event: 0.095 Thread 0x00007fe0081dd000   48       3       java.lang.String::charAt (25 bytes)
Event: 0.095 Thread 0x00007fe0081dd000 nmethod 48 0x00007fdff0e1e510 code [0x00007fdff0e1e700, 0x00007fdff0e1ead0]
Event: 0.095 Thread 0x00007fe0081dd000   49       3       java.lang.StringLatin1::charAt (28 bytes)
Event: 0.096 Thread 0x00007fe0081dd000 nmethod 49 0x00007fdff0e1ec10 code [0x00007fdff0e1ede0, 0x00007fdff0e1efc0]
Event: 0.096 Thread 0x00007fe0081dd000   50       3       java.lang.CharacterDataLatin1::getProperties (11 bytes)
Event: 0.096 Thread 0x00007fe0081dd000 nmethod 50 0x00007fdff0e1f090 code [0x00007fdff0e1f240, 0x00007fdff0e1f390]
Event: 0.134 Thread 0x00007fe0081dd000   51       3       java.lang.String::length (11 bytes)
Event: 0.135 Thread 0x00007fe0081dd000 nmethod 51 0x00007fdff0e1f490 code [0x00007fdff0e1f640, 0x00007fdff0e1f7f0]

GC Heap History (0 events):
No events

Deoptimization events (0 events):
No events

Classes redefined (0 events):
No events

Internal exceptions (0 events):
No events

Events (20 events):
Event: 0.041 Protecting memory [0x00007fdfc3cfd000,0x00007fdfc3d01000] with protection modes 0
Event: 0.046 Thread 0x00007fe0081dd000 Thread added: 0x00007fe0081dd000
Event: 0.048 Protecting memory [0x00007fdfc3bfc000,0x00007fdfc3c00000] with protection modes 0
Event: 0.049 Thread 0x00007fe0081df000 Thread added: 0x00007fe0081df000
Event: 0.049 Protecting memory [0x00007fdfc3afb000,0x00007fdfc3aff000] with protection modes 0
Event: 0.092 Executing VM operation: EnableBiasedLocking
Event: 0.092 Executing VM operation: EnableBiasedLocking done
Event: 0.092 loading class jdk/internal/vm/PostVMInitHook
Event: 0.092 loading class jdk/internal/vm/PostVMInitHook done
Event: 0.094 loading class DynamicRegiester
Event: 0.094 loading class DynamicRegiester done
Event: 0.094 loading class jdk/internal/loader/URLClassPath$FileLoader
Event: 0.095 loading class jdk/internal/loader/URLClassPath$FileLoader done
Event: 0.096 loading class jdk/internal/loader/URLClassPath$FileLoader$1
Event: 0.133 loading class jdk/internal/loader/URLClassPath$FileLoader$1 done
Event: 0.133 Thread 0x00007fe008219800 Thread added: 0x00007fe008219800
Event: 0.133 Protecting memory [0x00007fdfc38f9000,0x00007fdfc38fd000] with protection modes 0
Event: 0.134 Executing VM operation: RevokeBias
Event: 0.134 Executing VM operation: RevokeBias done
Event: 0.135 Loaded shared library /home/hyk/AndroidStudioProjects/AndroidNdkStudy/JNI/register/dynamicReg/build/libdrLib.so


Dynamic libraries:
706c00000-716600000 rw-p 00000000 00:00 0 
716600000-7bfe00000 ---p 00000000 00:00 0 
7bfe00000-7bfe47000 rw-p 01111000 08:01 47317536                         /usr/lib/jvm/java-11-openjdk-amd64/lib/server/classes.jsa
7bfe47000-7bff00000 rw-p 00000000 00:00 0 
7bff00000-7bff6b000 rw-p 010a6000 08:01 47317536                         /usr/lib/jvm/java-11-openjdk-amd64/lib/server/classes.jsa
7bff6b000-7c0000000 rw-p 00000000 00:00 0 
7c0000000-800000000 ---p 00000000 00:00 0 
800000000-800002000 rwxp 00001000 08:01 47317536                         /usr/lib/jvm/java-11-openjdk-amd64/lib/server/classes.jsa
800002000-8003b9000 rw-p 00003000 08:01 47317536                         /usr/lib/jvm/java-11-openjdk-amd64/lib/server/classes.jsa
8003b9000-800a96000 r--p 003ba000 08:01 47317536                         /usr/lib/jvm/java-11-openjdk-amd64/lib/server/classes.jsa
800a96000-800a97000 rw-p 00a97000 08:01 47317536                         /usr/lib/jvm/java-11-openjdk-amd64/lib/server/classes.jsa
800a97000-8010a5000 r--p 00a98000 08:01 47317536                         /usr/lib/jvm/java-11-openjdk-amd64/lib/server/classes.jsa
840000000-840080000 rw-p 00000000 00:00 0 
840080000-880000000 ---p 00000000 00:00 0 
5620fc2d7000-5620fc2d8000 r-xp 00000000 08:01 48369523                   /usr/lib/jvm/java-11-openjdk-amd64/bin/java
5620fc4d8000-5620fc4d9000 r--p 00001000 08:01 48369523                   /usr/lib/jvm/java-11-openjdk-amd64/bin/java
5620fc4d9000-5620fc4da000 rw-p 00002000 08:01 48369523                   /usr/lib/jvm/java-11-openjdk-amd64/bin/java
5620fcb14000-5620fcb35000 rw-p 00000000 00:00 0                          [heap]
7fdfa4000000-7fdfa4021000 rw-p 00000000 00:00 0 
7fdfa4021000-7fdfa8000000 ---p 00000000 00:00 0 
7fdfa8000000-7fdfa8021000 rw-p 00000000 00:00 0 
7fdfa8021000-7fdfac000000 ---p 00000000 00:00 0 
7fdfac000000-7fdfac0b5000 rw-p 00000000 00:00 0 
7fdfac0b5000-7fdfb0000000 ---p 00000000 00:00 0 
7fdfb0000000-7fdfb0021000 rw-p 00000000 00:00 0 
7fdfb0021000-7fdfb4000000 ---p 00000000 00:00 0 
7fdfb4000000-7fdfb4021000 rw-p 00000000 00:00 0 
7fdfb4021000-7fdfb8000000 ---p 00000000 00:00 0 
7fdfb8000000-7fdfb8056000 rw-p 00000000 00:00 0 
7fdfb8056000-7fdfbc000000 ---p 00000000 00:00 0 
7fdfbc000000-7fdfbc021000 rw-p 00000000 00:00 0 
7fdfbc021000-7fdfc0000000 ---p 00000000 00:00 0 
7fdfc36f7000-7fdfc36f8000 r-xp 00000000 08:01 18620681                   /home/hyk/AndroidStudioProjects/AndroidNdkStudy/JNI/register/dynamicReg/build/libdrLib.so
7fdfc36f8000-7fdfc38f7000 ---p 00001000 08:01 18620681                   /home/hyk/AndroidStudioProjects/AndroidNdkStudy/JNI/register/dynamicReg/build/libdrLib.so
7fdfc38f7000-7fdfc38f8000 r--p 00000000 08:01 18620681                   /home/hyk/AndroidStudioProjects/AndroidNdkStudy/JNI/register/dynamicReg/build/libdrLib.so
7fdfc38f8000-7fdfc38f9000 rw-p 00001000 08:01 18620681                   /home/hyk/AndroidStudioProjects/AndroidNdkStudy/JNI/register/dynamicReg/build/libdrLib.so
7fdfc38f9000-7fdfc38fd000 ---p 00000000 00:00 0 
7fdfc38fd000-7fdfc39fa000 rw-p 00000000 00:00 0 
7fdfc39fa000-7fdfc39fb000 ---p 00000000 00:00 0 
7fdfc39fb000-7fdfc3afb000 rw-p 00000000 00:00 0 
7fdfc3afb000-7fdfc3aff000 ---p 00000000 00:00 0 
7fdfc3aff000-7fdfc3bfc000 rw-p 00000000 00:00 0 
7fdfc3bfc000-7fdfc3c00000 ---p 00000000 00:00 0 
7fdfc3c00000-7fdfc3cfd000 rw-p 00000000 00:00 0 
7fdfc3cfd000-7fdfc3d01000 ---p 00000000 00:00 0 
7fdfc3d01000-7fdfc3dfe000 rw-p 00000000 00:00 0 
7fdfc3dfe000-7fdfc3e02000 ---p 00000000 00:00 0 
7fdfc3e02000-7fdfc3eff000 rw-p 00000000 00:00 0 
7fdfc3eff000-7fdfc3f03000 ---p 00000000 00:00 0 
7fdfc3f03000-7fdfc4000000 rw-p 00000000 00:00 0 
7fdfc4000000-7fdfc4021000 rw-p 00000000 00:00 0 
7fdfc4021000-7fdfc8000000 ---p 00000000 00:00 0 
7fdfc8000000-7fdfc8021000 rw-p 00000000 00:00 0 
7fdfc8021000-7fdfcc000000 ---p 00000000 00:00 0 
7fdfcc000000-7fdfcc021000 rw-p 00000000 00:00 0 
7fdfcc021000-7fdfd0000000 ---p 00000000 00:00 0 
7fdfd0000000-7fdfd0021000 rw-p 00000000 00:00 0 
7fdfd0021000-7fdfd4000000 ---p 00000000 00:00 0 
7fdfd4000000-7fdfd4021000 rw-p 00000000 00:00 0 
7fdfd4021000-7fdfd8000000 ---p 00000000 00:00 0 
7fdfd8000000-7fdfd8021000 rw-p 00000000 00:00 0 
7fdfd8021000-7fdfdc000000 ---p 00000000 00:00 0 
7fdfdc000000-7fdfdc021000 rw-p 00000000 00:00 0 
7fdfdc021000-7fdfe0000000 ---p 00000000 00:00 0 
7fdfe00b8000-7fdfe0545000 r--p 00000000 08:01 47059012                   /usr/lib/locale/locale-archive
7fdfe0545000-7fdfe0549000 ---p 00000000 00:00 0 
7fdfe0549000-7fdfe0646000 rw-p 00000000 00:00 0 
7fdfe0646000-7fdfe064a000 ---p 00000000 00:00 0 
7fdfe064a000-7fdfe0747000 rw-p 00000000 00:00 0 
7fdfe0747000-7fdfe0748000 ---p 00000000 00:00 0 
7fdfe0748000-7fdfe0d09000 rw-p 00000000 00:00 0 
7fdfe0d09000-7fdfe10c9000 ---p 00000000 00:00 0 
7fdfe10c9000-7fdfe10ca000 ---p 00000000 00:00 0 
7fdfe10ca000-7fdfe11ca000 rw-p 00000000 00:00 0 
7fdfe11ca000-7fdfe11cb000 ---p 00000000 00:00 0 
7fdfe11cb000-7fdfe37b4000 rw-p 00000000 00:00 0 
7fdfe37b4000-7fdfe6214000 ---p 00000000 00:00 0 
7fdfe6214000-7fdfe621c000 rw-p 00000000 00:00 0 
7fdfe621c000-7fdfe721c000 ---p 00000000 00:00 0 
7fdfe721c000-7fdfe7604000 rw-p 00000000 00:00 0 
7fdfe7604000-7fdfea064000 ---p 00000000 00:00 0 
7fdfea064000-7fdfea06c000 rw-p 00000000 00:00 0 
7fdfea06c000-7fdfeb06c000 ---p 00000000 00:00 0 
7fdfeb06c000-7fdfeb0e9000 rw-p 00000000 00:00 0 
7fdfeb0e9000-7fdfeb635000 ---p 00000000 00:00 0 
7fdfeb635000-7fdfeb636000 rw-p 00000000 00:00 0 
7fdfeb636000-7fdfeb836000 ---p 00000000 00:00 0 
7fdfeb836000-7fdfeb8b3000 rw-p 00000000 00:00 0 
7fdfeb8b3000-7fdfebdff000 ---p 00000000 00:00 0 
7fdfebdff000-7fdfebe00000 rw-p 00000000 00:00 0 
7fdfebe00000-7fdfec000000 ---p 00000000 00:00 0 
7fdfec000000-7fdfec021000 rw-p 00000000 00:00 0 
7fdfec021000-7fdff0000000 ---p 00000000 00:00 0 
7fdff005a000-7fdff0132000 rw-p 00000000 00:00 0 
7fdff0132000-7fdff067e000 ---p 00000000 00:00 0 
7fdff067e000-7fdff067f000 rw-p 00000000 00:00 0 
7fdff067f000-7fdff087f000 ---p 00000000 00:00 0 
7fdff087f000-7fdff0aef000 rwxp 00000000 00:00 0 
7fdff0aef000-7fdff0e0f000 ---p 00000000 00:00 0 
7fdff0e0f000-7fdff107f000 rwxp 00000000 00:00 0 
7fdff107f000-7fdff8347000 ---p 00000000 00:00 0 
7fdff8347000-7fdff85b7000 rwxp 00000000 00:00 0 
7fdff85b7000-7fdfff87f000 ---p 00000000 00:00 0 
7fdfff87f000-7fe008000000 r--s 00000000 08:01 47317512                   /usr/lib/jvm/java-11-openjdk-amd64/lib/modules
7fe008000000-7fe008227000 rw-p 00000000 00:00 0 
7fe008227000-7fe00c000000 ---p 00000000 00:00 0 
7fe00c043000-7fe00c36e000 rw-p 00000000 00:00 0 
7fe00c36e000-7fe00c36f000 ---p 00000000 00:00 0 
7fe00c36f000-7fe00c46f000 rw-p 00000000 00:00 0 
7fe00c46f000-7fe00c470000 ---p 00000000 00:00 0 
7fe00c470000-7fe00c974000 rw-p 00000000 00:00 0 
7fe00c974000-7fe00c975000 ---p 00000000 00:00 0 
7fe00c975000-7fe00ca7a000 rw-p 00000000 00:00 0 
7fe00ca7a000-7fe00cb60000 ---p 00000000 00:00 0 
7fe00cb60000-7fe00cb65000 rw-p 00000000 00:00 0 
7fe00cb65000-7fe00cc4b000 ---p 00000000 00:00 0 
7fe00cc4b000-7fe00cc52000 r-xp 00000000 08:01 47317495                   /usr/lib/jvm/java-11-openjdk-amd64/lib/libzip.so
7fe00cc52000-7fe00ce51000 ---p 00007000 08:01 47317495                   /usr/lib/jvm/java-11-openjdk-amd64/lib/libzip.so
7fe00ce51000-7fe00ce52000 r--p 00006000 08:01 47317495                   /usr/lib/jvm/java-11-openjdk-amd64/lib/libzip.so
7fe00ce52000-7fe00ce53000 rw-p 00007000 08:01 47317495                   /usr/lib/jvm/java-11-openjdk-amd64/lib/libzip.so
7fe00ce53000-7fe00ce5e000 r-xp 00000000 08:01 2621685                    /lib/x86_64-linux-gnu/libnss_files-2.23.so
7fe00ce5e000-7fe00d05d000 ---p 0000b000 08:01 2621685                    /lib/x86_64-linux-gnu/libnss_files-2.23.so
7fe00d05d000-7fe00d05e000 r--p 0000a000 08:01 2621685                    /lib/x86_64-linux-gnu/libnss_files-2.23.so
7fe00d05e000-7fe00d05f000 rw-p 0000b000 08:01 2621685                    /lib/x86_64-linux-gnu/libnss_files-2.23.so
7fe00d05f000-7fe00d065000 rw-p 00000000 00:00 0 
7fe00d065000-7fe00d070000 r-xp 00000000 08:01 2621692                    /lib/x86_64-linux-gnu/libnss_nis-2.23.so
7fe00d070000-7fe00d26f000 ---p 0000b000 08:01 2621692                    /lib/x86_64-linux-gnu/libnss_nis-2.23.so
7fe00d26f000-7fe00d270000 r--p 0000a000 08:01 2621692                    /lib/x86_64-linux-gnu/libnss_nis-2.23.so
7fe00d270000-7fe00d271000 rw-p 0000b000 08:01 2621692                    /lib/x86_64-linux-gnu/libnss_nis-2.23.so
7fe00d271000-7fe00d287000 r-xp 00000000 08:01 2621693                    /lib/x86_64-linux-gnu/libnsl-2.23.so
7fe00d287000-7fe00d486000 ---p 00016000 08:01 2621693                    /lib/x86_64-linux-gnu/libnsl-2.23.so
7fe00d486000-7fe00d487000 r--p 00015000 08:01 2621693                    /lib/x86_64-linux-gnu/libnsl-2.23.so
7fe00d487000-7fe00d488000 rw-p 00016000 08:01 2621693                    /lib/x86_64-linux-gnu/libnsl-2.23.so
7fe00d488000-7fe00d48a000 rw-p 00000000 00:00 0 
7fe00d48a000-7fe00d492000 r-xp 00000000 08:01 2621695                    /lib/x86_64-linux-gnu/libnss_compat-2.23.so
7fe00d492000-7fe00d691000 ---p 00008000 08:01 2621695                    /lib/x86_64-linux-gnu/libnss_compat-2.23.so
7fe00d691000-7fe00d692000 r--p 00007000 08:01 2621695                    /lib/x86_64-linux-gnu/libnss_compat-2.23.so
7fe00d692000-7fe00d693000 rw-p 00008000 08:01 2621695                    /lib/x86_64-linux-gnu/libnss_compat-2.23.so
7fe00d693000-7fe00d6af000 r-xp 00000000 08:01 47317485                   /usr/lib/jvm/java-11-openjdk-amd64/lib/libjimage.so
7fe00d6af000-7fe00d8ae000 ---p 0001c000 08:01 47317485                   /usr/lib/jvm/java-11-openjdk-amd64/lib/libjimage.so
7fe00d8ae000-7fe00d8b0000 r--p 0001b000 08:01 47317485                   /usr/lib/jvm/java-11-openjdk-amd64/lib/libjimage.so
7fe00d8b0000-7fe00d8b1000 rw-p 0001d000 08:01 47317485                   /usr/lib/jvm/java-11-openjdk-amd64/lib/libjimage.so
7fe00d8b1000-7fe00d8d9000 r-xp 00000000 08:01 47317486                   /usr/lib/jvm/java-11-openjdk-amd64/lib/libjava.so
7fe00d8d9000-7fe00dad9000 ---p 00028000 08:01 47317486                   /usr/lib/jvm/java-11-openjdk-amd64/lib/libjava.so
7fe00dad9000-7fe00dada000 r--p 00028000 08:01 47317486                   /usr/lib/jvm/java-11-openjdk-amd64/lib/libjava.so
7fe00dada000-7fe00dadb000 rw-p 00029000 08:01 47317486                   /usr/lib/jvm/java-11-openjdk-amd64/lib/libjava.so
7fe00dadb000-7fe00dadc000 rw-p 00000000 00:00 0 
7fe00dadc000-7fe00dae9000 r-xp 00000000 08:01 47317507                   /usr/lib/jvm/java-11-openjdk-amd64/lib/libverify.so
7fe00dae9000-7fe00dce8000 ---p 0000d000 08:01 47317507                   /usr/lib/jvm/java-11-openjdk-amd64/lib/libverify.so
7fe00dce8000-7fe00dcea000 r--p 0000c000 08:01 47317507                   /usr/lib/jvm/java-11-openjdk-amd64/lib/libverify.so
7fe00dcea000-7fe00dceb000 rw-p 0000e000 08:01 47317507                   /usr/lib/jvm/java-11-openjdk-amd64/lib/libverify.so
7fe00dceb000-7fe00dcf2000 r-xp 00000000 08:01 2621684                    /lib/x86_64-linux-gnu/librt-2.23.so
7fe00dcf2000-7fe00def1000 ---p 00007000 08:01 2621684                    /lib/x86_64-linux-gnu/librt-2.23.so
7fe00def1000-7fe00def2000 r--p 00006000 08:01 2621684                    /lib/x86_64-linux-gnu/librt-2.23.so
7fe00def2000-7fe00def3000 rw-p 00007000 08:01 2621684                    /lib/x86_64-linux-gnu/librt-2.23.so
7fe00def3000-7fe00dffb000 r-xp 00000000 08:01 2621689                    /lib/x86_64-linux-gnu/libm-2.23.so
7fe00dffb000-7fe00e1fa000 ---p 00108000 08:01 2621689                    /lib/x86_64-linux-gnu/libm-2.23.so
7fe00e1fa000-7fe00e1fb000 r--p 00107000 08:01 2621689                    /lib/x86_64-linux-gnu/libm-2.23.so
7fe00e1fb000-7fe00e1fc000 rw-p 00108000 08:01 2621689                    /lib/x86_64-linux-gnu/libm-2.23.so
7fe00e1fc000-7fe00f315000 r-xp 00000000 08:01 47317489                   /usr/lib/jvm/java-11-openjdk-amd64/lib/server/libjvm.so
7fe00f315000-7fe00f514000 ---p 01119000 08:01 47317489                   /usr/lib/jvm/java-11-openjdk-amd64/lib/server/libjvm.so
7fe00f514000-7fe00f5d6000 r--p 01118000 08:01 47317489                   /usr/lib/jvm/java-11-openjdk-amd64/lib/server/libjvm.so
7fe00f5d6000-7fe00f611000 rw-p 011da000 08:01 47317489                   /usr/lib/jvm/java-11-openjdk-amd64/lib/server/libjvm.so
7fe00f611000-7fe00f668000 rw-p 00000000 00:00 0 
7fe00f668000-7fe00f680000 r-xp 00000000 08:01 2621676                    /lib/x86_64-linux-gnu/libpthread-2.23.so
7fe00f680000-7fe00f87f000 ---p 00018000 08:01 2621676                    /lib/x86_64-linux-gnu/libpthread-2.23.so
7fe00f87f000-7fe00f880000 r--p 00017000 08:01 2621676                    /lib/x86_64-linux-gnu/libpthread-2.23.so
7fe00f880000-7fe00f881000 rw-p 00018000 08:01 2621676                    /lib/x86_64-linux-gnu/libpthread-2.23.so
7fe00f881000-7fe00f885000 rw-p 00000000 00:00 0 
7fe00f885000-7fe00f888000 r-xp 00000000 08:01 2621681                    /lib/x86_64-linux-gnu/libdl-2.23.so
7fe00f888000-7fe00fa87000 ---p 00003000 08:01 2621681                    /lib/x86_64-linux-gnu/libdl-2.23.so
7fe00fa87000-7fe00fa88000 r--p 00002000 08:01 2621681                    /lib/x86_64-linux-gnu/libdl-2.23.so
7fe00fa88000-7fe00fa89000 rw-p 00003000 08:01 2621681                    /lib/x86_64-linux-gnu/libdl-2.23.so
7fe00fa89000-7fe00faa2000 r-xp 00000000 08:01 2628737                    /lib/x86_64-linux-gnu/libz.so.1.2.8
7fe00faa2000-7fe00fca1000 ---p 00019000 08:01 2628737                    /lib/x86_64-linux-gnu/libz.so.1.2.8
7fe00fca1000-7fe00fca2000 r--p 00018000 08:01 2628737                    /lib/x86_64-linux-gnu/libz.so.1.2.8
7fe00fca2000-7fe00fca3000 rw-p 00019000 08:01 2628737                    /lib/x86_64-linux-gnu/libz.so.1.2.8
7fe00fca3000-7fe00fe63000 r-xp 00000000 08:01 2621694                    /lib/x86_64-linux-gnu/libc-2.23.so
7fe00fe63000-7fe010063000 ---p 001c0000 08:01 2621694                    /lib/x86_64-linux-gnu/libc-2.23.so
7fe010063000-7fe010067000 r--p 001c0000 08:01 2621694                    /lib/x86_64-linux-gnu/libc-2.23.so
7fe010067000-7fe010069000 rw-p 001c4000 08:01 2621694                    /lib/x86_64-linux-gnu/libc-2.23.so
7fe010069000-7fe01006d000 rw-p 00000000 00:00 0 
7fe01006d000-7fe01007c000 r-xp 00000000 08:01 47317494                   /usr/lib/jvm/java-11-openjdk-amd64/lib/jli/libjli.so
7fe01007c000-7fe01027b000 ---p 0000f000 08:01 47317494                   /usr/lib/jvm/java-11-openjdk-amd64/lib/jli/libjli.so
7fe01027b000-7fe01027c000 r--p 0000e000 08:01 47317494                   /usr/lib/jvm/java-11-openjdk-amd64/lib/jli/libjli.so
7fe01027c000-7fe01027d000 rw-p 0000f000 08:01 47317494                   /usr/lib/jvm/java-11-openjdk-amd64/lib/jli/libjli.so
7fe01027d000-7fe0102a3000 r-xp 00000000 08:01 2621686                    /lib/x86_64-linux-gnu/ld-2.23.so
7fe0102b4000-7fe01037b000 rw-p 00000000 00:00 0 
7fe01037b000-7fe01037f000 ---p 00000000 00:00 0 
7fe01037f000-7fe010480000 rw-p 00000000 00:00 0 
7fe010489000-7fe01048e000 rw-p 00000000 00:00 0 
7fe01048e000-7fe010495000 ---p 00000000 00:00 0 
7fe010495000-7fe010497000 r--s 00007000 08:01 47063505                   /usr/share/java/java-atk-wrapper.jar
7fe010497000-7fe01049f000 rw-s 00000000 08:01 59768864                   /tmp/hsperfdata_hyk/7461
7fe01049f000-7fe0104a0000 ---p 00000000 00:00 0 
7fe0104a0000-7fe0104a1000 r--p 00000000 00:00 0 
7fe0104a1000-7fe0104a2000 rw-p 00000000 00:00 0 
7fe0104a2000-7fe0104a3000 r--p 00025000 08:01 2621686                    /lib/x86_64-linux-gnu/ld-2.23.so
7fe0104a3000-7fe0104a4000 rw-p 00026000 08:01 2621686                    /lib/x86_64-linux-gnu/ld-2.23.so
7fe0104a4000-7fe0104a5000 rw-p 00000000 00:00 0 
7ffd26683000-7ffd266a5000 rw-p 00000000 00:00 0                          [stack]
7ffd2671a000-7ffd2671d000 r--p 00000000 00:00 0                          [vvar]
7ffd2671d000-7ffd2671f000 r-xp 00000000 00:00 0                          [vdso]
ffffffffff600000-ffffffffff601000 r-xp 00000000 00:00 0                  [vsyscall]


VM Arguments:
jvm_args: -Dfile.encoding=UTF-8 
java_command: DynamicRegiester
java_class_path (initial): /home/hyk/.config/Code/User/workspaceStorage/2186130cbae22fbfb72daa961286524b/redhat.java/jdt_ws/JNI_ed1631b3/bin
Launcher Type: SUN_STANDARD

[Global flags]
     intx CICompilerCount                          = 3                                         {product} {ergonomic}
     uint ConcGCThreads                            = 1                                         {product} {ergonomic}
     uint G1ConcRefinementThreads                  = 4                                         {product} {ergonomic}
   size_t G1HeapRegionSize                         = 1048576                                   {product} {ergonomic}
    uintx GCDrainStackTargetSize                   = 64                                        {product} {ergonomic}
   size_t InitialHeapSize                          = 262144000                                 {product} {ergonomic}
   size_t MarkStackSize                            = 4194304                                   {product} {ergonomic}
   size_t MaxHeapSize                              = 4181721088                                {product} {ergonomic}
   size_t MaxNewSize                               = 2508193792                                {product} {ergonomic}
   size_t MinHeapDeltaBytes                        = 1048576                                   {product} {ergonomic}
    uintx NonNMethodCodeHeapSize                   = 5830732                                {pd product} {ergonomic}
    uintx NonProfiledCodeHeapSize                  = 122913754                              {pd product} {ergonomic}
    uintx ProfiledCodeHeapSize                     = 122913754                              {pd product} {ergonomic}
    uintx ReservedCodeCacheSize                    = 251658240                              {pd product} {ergonomic}
     bool SegmentedCodeCache                       = true                                      {product} {ergonomic}
     bool UseCompressedClassPointers               = true                                 {lp64_product} {ergonomic}
     bool UseCompressedOops                        = true                                 {lp64_product} {ergonomic}
     bool UseG1GC                                  = true                                      {product} {ergonomic}

Logging:
Log output configuration:
 #0: stdout all=warning uptime,level,tags
 #1: stderr all=off uptime,level,tags

Environment Variables:
JAVA_HOME=/usr/lib/jvm/java-8-openjdk-amd64
JRE_HOME=/usr/lib/jvm/java-8-openjdk-amd64/jre
CLASSPATH=.:/usr/lib/jvm/java-8-openjdk-amd64/lib:/usr/lib/jvm/java-8-openjdk-amd64/jre/lib
PATH=/usr/lib/jvm/java-8-openjdk-amd64/bin:/usr/lib/jvm/java-7-openjdk-amd64/bin:/home/hyk/.local/share/umake/bin:/home/hyk/bin:/home/hyk/.local/bin:/usr/lib/jvm/java-7-openjdk-amd64/bin:/usr/local/sbin:/usr/local/bin:/usr/sbin:/usr/bin:/sbin:/bin:/usr/games:/usr/local/games:/snap/bin:/home/hyk/gvc/flutter/flutter/bin
SHELL=/bin/bash
DISPLAY=:0
LANG=zh_CN.UTF-8

Signal Handlers:
SIGSEGV: [libjvm.so+0xe1e630], sa_mask[0]=11111111011111111101111111111110, sa_flags=SA_RESTART|SA_SIGINFO
SIGBUS: [libjvm.so+0xe1e630], sa_mask[0]=11111111011111111101111111111110, sa_flags=SA_RESTART|SA_SIGINFO
SIGFPE: [libjvm.so+0xe1e630], sa_mask[0]=11111111011111111101111111111110, sa_flags=SA_RESTART|SA_SIGINFO
SIGPIPE: [libjvm.so+0xb72dd0], sa_mask[0]=11111111011111111101111111111110, sa_flags=SA_RESTART|SA_SIGINFO
SIGXFSZ: [libjvm.so+0xb72dd0], sa_mask[0]=11111111011111111101111111111110, sa_flags=SA_RESTART|SA_SIGINFO
SIGILL: [libjvm.so+0xe1e630], sa_mask[0]=11111111011111111101111111111110, sa_flags=SA_RESTART|SA_SIGINFO
SIGUSR2: [libjvm.so+0xb72c60], sa_mask[0]=00000000000000000000000000000000, sa_flags=SA_RESTART|SA_SIGINFO
SIGHUP: [libjvm.so+0xb73110], sa_mask[0]=11111111011111111101111111111110, sa_flags=SA_RESTART|SA_SIGINFO
SIGINT: [libjvm.so+0xb73110], sa_mask[0]=11111111011111111101111111111110, sa_flags=SA_RESTART|SA_SIGINFO
SIGTERM: [libjvm.so+0xb73110], sa_mask[0]=11111111011111111101111111111110, sa_flags=SA_RESTART|SA_SIGINFO
SIGQUIT: [libjvm.so+0xb73110], sa_mask[0]=11111111011111111101111111111110, sa_flags=SA_RESTART|SA_SIGINFO


---------------  S Y S T E M  ---------------

OS:DISTRIB_ID=Ubuntu
DISTRIB_RELEASE=16.04
DISTRIB_CODENAME=xenial
DISTRIB_DESCRIPTION="Ubuntu 16.04.6 LTS"
uname:Linux 4.15.0-142-generic #146~16.04.1-Ubuntu SMP Tue Apr 13 09:27:15 UTC 2021 x86_64
OS uptime: 0 days 0:25 hours
libc:glibc 2.23 NPTL 2.23 
rlimit (soft/hard): STACK 8192k/infinity , CORE infinity/infinity , NPROC 327680/327680 , NOFILE 327680/327680 , AS infinity/infinity , CPU infinity/infinity , DATA infinity/infinity , FSIZE infinity/infinity , MEMLOCK 64k/64k
load average:3.59 2.37 1.59

/proc/meminfo:
MemTotal:       16332988 kB
MemFree:        10742328 kB
MemAvailable:   12434740 kB
Buffers:          187876 kB
Cached:          2302384 kB
SwapCached:            0 kB
Active:          3589460 kB
Inactive:        1647576 kB
Active(anon):    2667696 kB
Inactive(anon):   689988 kB
Active(file):     921764 kB
Inactive(file):   957588 kB
Unevictable:          32 kB
Mlocked:              32 kB
SwapTotal:      16683004 kB
SwapFree:       16683004 kB
Dirty:              1364 kB
Writeback:             0 kB
AnonPages:       2746944 kB
Mapped:           917220 kB
Shmem:            703860 kB
Slab:             188480 kB
SReclaimable:     129104 kB
SUnreclaim:        59376 kB
KernelStack:       17952 kB
PageTables:        69116 kB
NFS_Unstable:          0 kB
Bounce:                0 kB
WritebackTmp:          0 kB
CommitLimit:    24849496 kB
Committed_AS:   11321048 kB
VmallocTotal:   34359738367 kB
VmallocUsed:           0 kB
VmallocChunk:          0 kB
HardwareCorrupted:     0 kB
AnonHugePages:     16384 kB
ShmemHugePages:        0 kB
ShmemPmdMapped:        0 kB
CmaTotal:              0 kB
CmaFree:               0 kB
HugePages_Total:       0
HugePages_Free:        0
HugePages_Rsvd:        0
HugePages_Surp:        0
Hugepagesize:       2048 kB
DirectMap4k:      251268 kB
DirectMap2M:     9093120 kB
DirectMap1G:     7340032 kB

/sys/kernel/mm/transparent_hugepage/enabled:
always [madvise] never
/sys/kernel/mm/transparent_hugepage/defrag (defrag/compaction efforts parameter):
always defer defer+madvise [madvise] never

Process Memory:
Virtual Size: 6866108K (peak: 15621440K)
Resident Set Size: 32784K (peak: 32784K) (anon: 9752K, file: 23032K, shmem: 0K)
Swapped out: 0K
C-Heap outstanding allocations: 3413K

/proc/sys/kernel/threads-max (system-wide limit on the number of threads):
127120
/proc/sys/vm/max_map_count (maximum number of memory map areas a process may have):
65530
/proc/sys/kernel/pid_max (system-wide limit on number of process identifiers):
32768

container (cgroup) information:
container_type: cgroupv1
cpu_cpuset_cpus: 0-3
cpu_memory_nodes: 0
active_processor_count: 4
cpu_quota: -1
cpu_period: 100000
cpu_shares: -1
memory_limit_in_bytes: -1
memory_and_swap_limit_in_bytes: -2
memory_soft_limit_in_bytes: -1
memory_usage_in_bytes: 5362417664
memory_max_usage_in_bytes: 0

Steal ticks since vm start: 0
Steal ticks percentage since vm start:  0.000

CPU:total 4 (initial active 4) (4 cores per cpu, 1 threads per core) family 6 model 94 stepping 3 microcode 0xe2, cmov, cx8, fxsr, mmx, sse, sse2, sse3, ssse3, sse4.1, sse4.2, popcnt, avx, avx2, aes, clmul, erms, rtm, 3dnowpref, lzcnt, tsc, tscinvbit, bmi1, bmi2, adx, fma
CPU Model and flags from /proc/cpuinfo:
model name	: Intel(R) Core(TM) i5-6500 CPU @ 3.20GHz
flags		: fpu vme de pse tsc msr pae mce cx8 apic sep mtrr pge mca cmov pat pse36 clflush dts acpi mmx fxsr sse sse2 ss ht tm pbe syscall nx pdpe1gb rdtscp lm constant_tsc art arch_perfmon pebs bts rep_good nopl xtopology nonstop_tsc cpuid aperfmperf pni pclmulqdq dtes64 monitor ds_cpl vmx smx est tm2 ssse3 sdbg fma cx16 xtpr pdcm pcid sse4_1 sse4_2 x2apic movbe popcnt tsc_deadline_timer aes xsave avx f16c rdrand lahf_lm abm 3dnowprefetch cpuid_fault epb invpcid_single pti ssbd ibrs ibpb stibp tpr_shadow vnmi flexpriority ept vpid fsgsbase tsc_adjust bmi1 hle avx2 smep bmi2 erms invpcid rtm mpx rdseed adx smap clflushopt intel_pt xsaveopt xsavec xgetbv1 xsaves dtherm ida arat pln pts hwp hwp_notify hwp_act_window hwp_epp md_clear flush_l1d
Online cpus:
0-3
Offline cpus:

BIOS frequency limitation:
<Not Available>
Frequency switch latency (ns):
0
Available cpu frequencies:
<Not Available>
Current governor:
powersave
Core performance/turbo boost:
<Not Available>

Memory: 4k page, physical 16332988k(10742328k free), swap 16683004k(16683004k free)

vm_info: OpenJDK 64-Bit Server VM (11.0.11-ea+4-Ubuntu-0ubuntu3.16.04.1) for linux-amd64 JRE (11.0.11-ea+4-Ubuntu-0ubuntu3.16.04.1), built on Feb 28 2021 13:59:02 by "unknown" with gcc 8.4.0

END.
